Arguments: 
  D:\nodejs\node.exe C:\Users\alone\AppData\Roaming\npm\node_modules\yarn\bin\yarn.js init

PATH: 
  C:\Users\alone\bin;D:\Git\mingw64\bin;D:\Git\usr\local\bin;D:\Git\usr\bin;D:\Git\usr\bin;D:\Git\mingw64\bin;D:\Git\usr\bin;C:\Users\alone\bin;C:\Users\alone\AppData\Local\Programs\Python\Python39\Scripts;C:\Users\alone\AppData\Local\Programs\Python\Python39;D:\oracle\bin;C:\Python39\Scripts;C:\Python39;D:\Java\jdk\bin;C:\ProgramData\Oracle\Java\javapath;C:\Windows\system32;C:\Windows;C:\Windows\System32\Wbem;C:\Windows\System32\WindowsPowerShell\v1.0;C:\Windows\System32\OpenSSH;C:\Program Files (x86)\NVIDIA Corporation\PhysX\Common;C:\Program Files\NVIDIA Corporation\NVIDIA NvDLISR;D:\Java\mysql\MySQL Utilities 1.3.6;.;D:\Java\mysql-5.7.33-winx64\bin";C:\WINDOWS\system32;C:\WINDOWS;C:\WINDOWS\System32\Wbem;C:\WINDOWS\System32\WindowsPowerShell\v1.0;C:\WINDOWS\System32\OpenSSH;D:\gradle-3.5\bin;C:\ProgramData\chocolatey\bin;D:\Git\cmd;D:\xftp;D:\xshell;C:\Program Files\OpenSSL-Win64\bin;D:\apache-maven-3.8.4\bin;D:\apache-maven-3.8.4\bin;D:\微信web开发者工具\dll;D:\nodejs;C:\Users\alone\AppData\Local\Microsoft\WindowsApps;D:\IntelliJ IDEA 2019.3.5\bin;D:\Microsoft VS Code\bin;D:\apache-maven-3.8.4\bin;D:\apache-maven-3.8.4\bin;C:\Users\alone\AppData\Roaming\npm;D:\Git\usr\bin\vendor_perl;D:\Git\usr\bin\core_perl

Yarn version: 
  1.22.19

Node version: 
  16.16.0

Platform: 
  win32 x64

Trace: 
  Error: Can't answer a question unless a user TTY
      at ConsoleReporter.question (C:\Users\alone\AppData\Roaming\npm\node_modules\yarn\lib\cli.js:92864:59)
      at Object.<anonymous> (C:\Users\alone\AppData\Roaming\npm\node_modules\yarn\lib\cli.js:85054:38)
      at Generator.next (<anonymous>)
      at step (C:\Users\alone\AppData\Roaming\npm\node_modules\yarn\lib\cli.js:310:30)
      at C:\Users\alone\AppData\Roaming\npm\node_modules\yarn\lib\cli.js:321:13
      at processTicksAndRejections (node:internal/process/task_queues:96:5)

npm manifest: 
  No manifest

yarn manifest: 
  No manifest

Lockfile: 
  No lockfile
